0 info it worked if it ends with ok
1 verbose cli [ '/usr/local/bin/node',
1 verbose cli   '/usr/local/bin/npm',
1 verbose cli   'i',
1 verbose cli   '-g',
1 verbose cli   'istanbul' ]
2 info using npm@1.4.28
3 info using node@v0.10.35
4 verbose cache add [ 'istanbul', null ]
5 verbose cache add name=undefined spec="istanbul" args=["istanbul",null]
6 verbose parsed url { protocol: null,
6 verbose parsed url   slashes: null,
6 verbose parsed url   auth: null,
6 verbose parsed url   host: null,
6 verbose parsed url   port: null,
6 verbose parsed url   hostname: null,
6 verbose parsed url   hash: null,
6 verbose parsed url   search: null,
6 verbose parsed url   query: null,
6 verbose parsed url   pathname: 'istanbul',
6 verbose parsed url   path: 'istanbul',
6 verbose parsed url   href: 'istanbul' }
7 silly lockFile 00997c4d-istanbul istanbul
8 verbose lock istanbul /Users/r1cebank/.npm/00997c4d-istanbul.lock
9 silly lockFile 00997c4d-istanbul istanbul
10 silly lockFile 00997c4d-istanbul istanbul
11 verbose addNamed [ 'istanbul', '' ]
12 verbose addNamed [ null, '*' ]
13 silly lockFile 3c8612a7-istanbul istanbul@
14 verbose lock istanbul@ /Users/r1cebank/.npm/3c8612a7-istanbul.lock
15 silly addNameRange { name: 'istanbul', range: '*', hasData: false }
16 verbose request where is /istanbul
17 verbose request registry https://registry.npmjs.org/
18 verbose request id eda2e81a26fe4934
19 verbose url raw /istanbul
20 verbose url resolving [ 'https://registry.npmjs.org/', './istanbul' ]
21 verbose url resolved https://registry.npmjs.org/istanbul
22 verbose request where is https://registry.npmjs.org/istanbul
23 info trying registry request attempt 1 at 12:24:39
24 verbose etag "6JMS9LHPGBM1RV05JDJBAZ0VB"
25 http GET https://registry.npmjs.org/istanbul
26 http 200 https://registry.npmjs.org/istanbul
27 silly registry.get cb [ 200,
27 silly registry.get   { server: 'CouchDB/1.5.0 (Erlang OTP/R16B03)',
27 silly registry.get     etag: '"2JZPYWUVI2Z617B3A60V2Y9W2"',
27 silly registry.get     'content-type': 'application/json',
27 silly registry.get     'cache-control': 'max-age=60',
27 silly registry.get     'content-length': '238152',
27 silly registry.get     'accept-ranges': 'bytes',
27 silly registry.get     date: 'Sun, 26 Jul 2015 19:24:39 GMT',
27 silly registry.get     via: '1.1 varnish',
27 silly registry.get     age: '7',
27 silly registry.get     connection: 'keep-alive',
27 silly registry.get     'x-served-by': 'cache-lax1424-LAX',
27 silly registry.get     'x-cache': 'HIT',
27 silly registry.get     'x-cache-hits': '1',
27 silly registry.get     'x-timer': 'S1437938679.673734,VS0,VE1',
27 silly registry.get     vary: 'Accept' } ]
28 silly addNameRange number 2 { name: 'istanbul', range: '*', hasData: true }
29 silly addNameRange versions [ 'istanbul',
29 silly addNameRange   [ '0.1.0',
29 silly addNameRange     '0.1.1',
29 silly addNameRange     '0.1.2',
29 silly addNameRange     '0.1.3',
29 silly addNameRange     '0.1.4',
29 silly addNameRange     '0.1.5',
29 silly addNameRange     '0.1.6',
29 silly addNameRange     '0.1.7',
29 silly addNameRange     '0.1.8',
29 silly addNameRange     '0.1.9',
29 silly addNameRange     '0.1.10',
29 silly addNameRange     '0.1.11',
29 silly addNameRange     '0.1.12',
29 silly addNameRange     '0.1.13',
29 silly addNameRange     '0.1.14',
29 silly addNameRange     '0.1.15',
29 silly addNameRange     '0.1.16',
29 silly addNameRange     '0.1.17',
29 silly addNameRange     '0.1.18',
29 silly addNameRange     '0.1.19',
29 silly addNameRange     '0.1.20',
29 silly addNameRange     '0.1.21',
29 silly addNameRange     '0.1.22',
29 silly addNameRange     '0.1.23',
29 silly addNameRange     '0.1.24',
29 silly addNameRange     '0.1.25',
29 silly addNameRange     '0.1.26',
29 silly addNameRange     '0.1.27',
29 silly addNameRange     '0.1.28',
29 silly addNameRange     '0.1.29',
29 silly addNameRange     '0.1.30',
29 silly addNameRange     '0.1.31',
29 silly addNameRange     '0.1.32',
29 silly addNameRange     '0.1.33',
29 silly addNameRange     '0.1.34',
29 silly addNameRange     '0.1.35',
29 silly addNameRange     '0.1.36',
29 silly addNameRange     '0.1.37',
29 silly addNameRange     '0.1.38',
29 silly addNameRange     '0.1.39',
29 silly addNameRange     '0.1.40',
29 silly addNameRange     '0.1.41',
29 silly addNameRange     '0.1.42',
29 silly addNameRange     '0.1.43',
29 silly addNameRange     '0.1.44',
29 silly addNameRange     '0.1.45',
29 silly addNameRange     '0.1.46',
29 silly addNameRange     '0.2.0',
29 silly addNameRange     '0.2.1',
29 silly addNameRange     '0.2.2',
29 silly addNameRange     '0.2.3',
29 silly addNameRange     '0.2.4',
29 silly addNameRange     '0.2.5',
29 silly addNameRange     '0.2.6',
29 silly addNameRange     '0.2.7',
29 silly addNameRange     '0.2.8',
29 silly addNameRange     '0.2.9',
29 silly addNameRange     '0.2.10',
29 silly addNameRange     '0.2.11',
29 silly addNameRange     '0.2.12',
29 silly addNameRange     '0.2.13',
29 silly addNameRange     '0.2.14',
29 silly addNameRange     '0.2.15',
29 silly addNameRange     '0.2.16',
29 silly addNameRange     '0.3.0',
29 silly addNameRange     '0.3.1',
29 silly addNameRange     '0.3.2',
29 silly addNameRange     '0.3.3',
29 silly addNameRange     '0.3.4',
29 silly addNameRange     '0.3.5',
29 silly addNameRange     '0.3.6',
29 silly addNameRange     '0.3.7',
29 silly addNameRange     '0.3.8',
29 silly addNameRange     '0.3.9',
29 silly addNameRange     '0.3.10',
29 silly addNameRange     '0.3.11',
29 silly addNameRange     '0.3.13',
29 silly addNameRange     '0.3.14',
29 silly addNameRange     '0.3.15',
29 silly addNameRange     '0.3.16',
29 silly addNameRange     '0.3.17' ] ]
30 verbose addNamed [ 'istanbul', '0.3.17' ]
31 verbose addNamed [ '0.3.17', '0.3.17' ]
32 silly lockFile 7cc36dcc-istanbul-0-3-17 istanbul@0.3.17
33 verbose lock istanbul@0.3.17 /Users/r1cebank/.npm/7cc36dcc-istanbul-0-3-17.lock
34 silly lockFile c1ab13bd-org-istanbul-istanbul-0-3-17-tgz https://registry.npmjs.org/istanbul/-/istanbul-0.3.17.tgz
35 verbose lock https://registry.npmjs.org/istanbul/-/istanbul-0.3.17.tgz /Users/r1cebank/.npm/c1ab13bd-org-istanbul-istanbul-0-3-17-tgz.lock
36 verbose addRemoteTarball [ 'https://registry.npmjs.org/istanbul/-/istanbul-0.3.17.tgz',
36 verbose addRemoteTarball   '5a9ade6f54e26205a72ffe3f022724a56d741da1' ]
37 info retry fetch attempt 1 at 12:24:40
38 verbose fetch to= /var/folders/r4/9dq0x61s2ws03vqv27w3lc340000gn/T/npm-9761-U4N3szQw/registry.npmjs.org/istanbul/-/istanbul-0.3.17.tgz
39 http GET https://registry.npmjs.org/istanbul/-/istanbul-0.3.17.tgz
40 http 200 https://registry.npmjs.org/istanbul/-/istanbul-0.3.17.tgz
41 silly lockFile c1ab13bd-org-istanbul-istanbul-0-3-17-tgz https://registry.npmjs.org/istanbul/-/istanbul-0.3.17.tgz
42 silly lockFile c1ab13bd-org-istanbul-istanbul-0-3-17-tgz https://registry.npmjs.org/istanbul/-/istanbul-0.3.17.tgz
43 silly lockFile 7cc36dcc-istanbul-0-3-17 istanbul@0.3.17
44 silly lockFile 7cc36dcc-istanbul-0-3-17 istanbul@0.3.17
45 silly lockFile 3c8612a7-istanbul istanbul@
46 silly lockFile 3c8612a7-istanbul istanbul@
47 silly resolved [ { name: 'istanbul',
47 silly resolved     version: '0.3.17',
47 silly resolved     description: 'Yet another JS code coverage tool that computes statement, line, function and branch coverage with module loader hooks to transparently add coverage when running tests. Supports all JS coverage use cases including unit tests, server side functional tests ',
47 silly resolved     keywords: [ 'coverage', 'code coverage', 'JS code coverage', 'JS coverage' ],
47 silly resolved     author:
47 silly resolved      { name: 'Krishnan Anantheswaran',
47 silly resolved        email: 'kananthmail-github@yahoo.com' },
47 silly resolved     license: 'BSD-3-Clause',
47 silly resolved     contributors:
47 silly resolved      [ [Object],
47 silly resolved        [Object],
47 silly resolved        [Object],
47 silly resolved        [Object],
47 silly resolved        [Object],
47 silly resolved        [Object],
47 silly resolved        [Object],
47 silly resolved        [Object],
47 silly resolved        [Object],
47 silly resolved        [Object],
47 silly resolved        [Object],
47 silly resolved        [Object],
47 silly resolved        [Object],
47 silly resolved        [Object],
47 silly resolved        [Object],
47 silly resolved        [Object],
47 silly resolved        [Object],
47 silly resolved        [Object],
47 silly resolved        [Object],
47 silly resolved        [Object],
47 silly resolved        [Object],
47 silly resolved        [Object],
47 silly resolved        [Object],
47 silly resolved        [Object],
47 silly resolved        [Object],
47 silly resolved        [Object],
47 silly resolved        [Object],
47 silly resolved        [Object],
47 silly resolved        [Object],
47 silly resolved        [Object],
47 silly resolved        [Object],
47 silly resolved        [Object],
47 silly resolved        [Object],
47 silly resolved        [Object],
47 silly resolved        [Object],
47 silly resolved        [Object],
47 silly resolved        [Object],
47 silly resolved        [Object],
47 silly resolved        [Object],
47 silly resolved        [Object],
47 silly resolved        [Object],
47 silly resolved        [Object],
47 silly resolved        [Object],
47 silly resolved        [Object],
47 silly resolved        [Object],
47 silly resolved        [Object],
47 silly resolved        [Object],
47 silly resolved        [Object],
47 silly resolved        [Object],
47 silly resolved        [Object],
47 silly resolved        [Object],
47 silly resolved        [Object],
47 silly resolved        [Object],
47 silly resolved        [Object],
47 silly resolved        [Object] ],
47 silly resolved     scripts:
47 silly resolved      { pretest: 'jshint index.js lib/ test/ && ./download-escodegen-browser.sh',
47 silly resolved        test: 'node --harmony test/run.js',
47 silly resolved        posttest: 'node ./lib/cli.js check-coverage --statements 95 --branches 80',
47 silly resolved        docs: 'npm install yuidocjs && node node_modules/yuidocjs/lib/cli.js .' },
47 silly resolved     bin: { istanbul: './lib/cli.js' },
47 silly resolved     files: [ 'index.js', 'lib/' ],
47 silly resolved     repository: { type: 'git', url: 'git://github.com/gotwarlost/istanbul.git' },
47 silly resolved     dependencies:
47 silly resolved      { esprima: '2.4.x',
47 silly resolved        escodegen: '1.6.x',
47 silly resolved        handlebars: '3.0.0',
47 silly resolved        mkdirp: '0.5.x',
47 silly resolved        nopt: '3.x',
47 silly resolved        fileset: '0.2.x',
47 silly resolved        which: '1.0.x',
47 silly resolved        async: '1.x',
47 silly resolved        'supports-color': '1.3.x',
47 silly resolved        abbrev: '1.0.x',
47 silly resolved        wordwrap: '0.0.x',
47 silly resolved        resolve: '1.1.x',
47 silly resolved        'js-yaml': '3.x',
47 silly resolved        once: '1.x' },
47 silly resolved     devDependencies:
47 silly resolved      { rimraf: '2.2.x',
47 silly resolved        nodeunit: '0.9.x',
47 silly resolved        jshint: '2.5.x',
47 silly resolved        requirejs: '2.x',
47 silly resolved        coveralls: '2.x',
47 silly resolved        glob: '4.4.x' },
47 silly resolved     gitHead: 'f556b46aef4963820c9239fd217f6f08ace275b7',
47 silly resolved     bugs: { url: 'https://github.com/gotwarlost/istanbul/issues' },
47 silly resolved     homepage: 'https://github.com/gotwarlost/istanbul',
47 silly resolved     _id: 'istanbul@0.3.17',
47 silly resolved     _shasum: '5a9ade6f54e26205a72ffe3f022724a56d741da1',
47 silly resolved     _from: 'istanbul@',
47 silly resolved     _npmVersion: '2.5.1',
47 silly resolved     _nodeVersion: '0.12.0',
47 silly resolved     _npmUser: { name: 'gotwarlost', email: 'kananthmail-github@yahoo.com' },
47 silly resolved     maintainers: [ [Object], [Object] ],
47 silly resolved     dist:
47 silly resolved      { shasum: '5a9ade6f54e26205a72ffe3f022724a56d741da1',
47 silly resolved        tarball: 'http://registry.npmjs.org/istanbul/-/istanbul-0.3.17.tgz' },
47 silly resolved     directories: {},
47 silly resolved     _resolved: 'https://registry.npmjs.org/istanbul/-/istanbul-0.3.17.tgz' } ]
48 info install istanbul@0.3.17 into /usr/local/lib
49 info installOne istanbul@0.3.17
50 verbose lib/node_modules/istanbul unbuild
51 verbose tar unpack /Users/r1cebank/.npm/istanbul/0.3.17/package.tgz
52 silly lockFile 3440329b--local-lib-node-modules-istanbul tar:///usr/local/lib/node_modules/istanbul
53 verbose lock tar:///usr/local/lib/node_modules/istanbul /Users/r1cebank/.npm/3440329b--local-lib-node-modules-istanbul.lock
54 silly lockFile 7a792aec--npm-istanbul-0-3-17-package-tgz tar:///Users/r1cebank/.npm/istanbul/0.3.17/package.tgz
55 verbose lock tar:///Users/r1cebank/.npm/istanbul/0.3.17/package.tgz /Users/r1cebank/.npm/7a792aec--npm-istanbul-0-3-17-package-tgz.lock
56 silly gunzTarPerm modes [ '755', '644' ]
57 error Error: EACCES, mkdir '/usr/local/lib/node_modules/istanbul'
57 error  { [Error: EACCES, mkdir '/usr/local/lib/node_modules/istanbul']
57 error   errno: 3,
57 error   code: 'EACCES',
57 error   path: '/usr/local/lib/node_modules/istanbul',
57 error   fstream_type: 'Directory',
57 error   fstream_path: '/usr/local/lib/node_modules/istanbul',
57 error   fstream_class: 'DirWriter',
57 error   fstream_stack:
57 error    [ '/usr/local/lib/node_modules/npm/node_modules/fstream/lib/dir-writer.js:36:23',
57 error      '/usr/local/lib/node_modules/npm/node_modules/mkdirp/index.js:46:53',
57 error      'Object.oncomplete (fs.js:108:15)' ] }
58 error Please try running this command again as root/Administrator.
59 error System Darwin 14.4.0
60 error command "/usr/local/bin/node" "/usr/local/bin/npm" "i" "-g" "istanbul"
61 error cwd /Users/r1cebank/Documents/rai
62 error node -v v0.10.35
63 error npm -v 1.4.28
64 error path /usr/local/lib/node_modules/istanbul
65 error fstream_path /usr/local/lib/node_modules/istanbul
66 error fstream_type Directory
67 error fstream_class DirWriter
68 error code EACCES
69 error errno 3
70 error stack Error: EACCES, mkdir '/usr/local/lib/node_modules/istanbul'
71 error fstream_stack /usr/local/lib/node_modules/npm/node_modules/fstream/lib/dir-writer.js:36:23
71 error fstream_stack /usr/local/lib/node_modules/npm/node_modules/mkdirp/index.js:46:53
71 error fstream_stack Object.oncomplete (fs.js:108:15)
72 verbose exit [ 3, true ]
